  Game.cpp
D:\Dev\DirectX11Stuff\Dependencies\DirectX11\include\dxgitype.h(12,1): warning C4005:  'DXGI_STATUS_OCCLUDED': macro redefinition
C:\Program Files (x86)\Windows Kits\10\Include\10.0.17763.0\shared\winerror.h(55460): message :  see previous definition of 'DXGI_STATUS_OCCLUDED'
D:\Dev\DirectX11Stuff\Dependencies\DirectX11\include\dxgitype.h(13,1): warning C4005:  'DXGI_STATUS_CLIPPED': macro redefinition
C:\Program Files (x86)\Windows Kits\10\Include\10.0.17763.0\shared\winerror.h(55469): message :  see previous definition of 'DXGI_STATUS_CLIPPED'
D:\Dev\DirectX11Stuff\Dependencies\DirectX11\include\dxgitype.h(14,1): warning C4005:  'DXGI_STATUS_NO_REDIRECTION': macro redefinition
C:\Program Files (x86)\Windows Kits\10\Include\10.0.17763.0\shared\winerror.h(55478): message :  see previous definition of 'DXGI_STATUS_NO_REDIRECTION'
D:\Dev\DirectX11Stuff\Dependencies\DirectX11\include\dxgitype.h(15,1): warning C4005:  'DXGI_STATUS_NO_DESKTOP_ACCESS': macro redefinition
C:\Program Files (x86)\Windows Kits\10\Include\10.0.17763.0\shared\winerror.h(55487): message :  see previous definition of 'DXGI_STATUS_NO_DESKTOP_ACCESS'
D:\Dev\DirectX11Stuff\Dependencies\DirectX11\include\dxgitype.h(16,1): warning C4005:  'DXGI_STATUS_GRAPHICS_VIDPN_SOURCE_IN_USE': macro redefinition
C:\Program Files (x86)\Windows Kits\10\Include\10.0.17763.0\shared\winerror.h(55496): message :  see previous definition of 'DXGI_STATUS_GRAPHICS_VIDPN_SOURCE_IN_USE'
D:\Dev\DirectX11Stuff\Dependencies\DirectX11\include\dxgitype.h(17,1): warning C4005:  'DXGI_STATUS_MODE_CHANGED': macro redefinition
C:\Program Files (x86)\Windows Kits\10\Include\10.0.17763.0\shared\winerror.h(55505): message :  see previous definition of 'DXGI_STATUS_MODE_CHANGED'
D:\Dev\DirectX11Stuff\Dependencies\DirectX11\include\dxgitype.h(18,1): warning C4005:  'DXGI_STATUS_MODE_CHANGE_IN_PROGRESS': macro redefinition
C:\Program Files (x86)\Windows Kits\10\Include\10.0.17763.0\shared\winerror.h(55514): message :  see previous definition of 'DXGI_STATUS_MODE_CHANGE_IN_PROGRESS'
D:\Dev\DirectX11Stuff\Dependencies\DirectX11\include\dxgitype.h(21,1): warning C4005:  'DXGI_ERROR_INVALID_CALL': macro redefinition
C:\Program Files (x86)\Windows Kits\10\Include\10.0.17763.0\shared\winerror.h(55529): message :  see previous definition of 'DXGI_ERROR_INVALID_CALL'
D:\Dev\DirectX11Stuff\Dependencies\DirectX11\include\dxgitype.h(22,1): warning C4005:  'DXGI_ERROR_NOT_FOUND': macro redefinition
C:\Program Files (x86)\Windows Kits\10\Include\10.0.17763.0\shared\winerror.h(55538): message :  see previous definition of 'DXGI_ERROR_NOT_FOUND'
D:\Dev\DirectX11Stuff\Dependencies\DirectX11\include\dxgitype.h(23,1): warning C4005:  'DXGI_ERROR_MORE_DATA': macro redefinition
C:\Program Files (x86)\Windows Kits\10\Include\10.0.17763.0\shared\winerror.h(55547): message :  see previous definition of 'DXGI_ERROR_MORE_DATA'
D:\Dev\DirectX11Stuff\Dependencies\DirectX11\include\dxgitype.h(24,1): warning C4005:  'DXGI_ERROR_UNSUPPORTED': macro redefinition
C:\Program Files (x86)\Windows Kits\10\Include\10.0.17763.0\shared\winerror.h(55556): message :  see previous definition of 'DXGI_ERROR_UNSUPPORTED'
D:\Dev\DirectX11Stuff\Dependencies\DirectX11\include\dxgitype.h(25,1): warning C4005:  'DXGI_ERROR_DEVICE_REMOVED': macro redefinition
C:\Program Files (x86)\Windows Kits\10\Include\10.0.17763.0\shared\winerror.h(55565): message :  see previous definition of 'DXGI_ERROR_DEVICE_REMOVED'
D:\Dev\DirectX11Stuff\Dependencies\DirectX11\include\dxgitype.h(26,1): warning C4005:  'DXGI_ERROR_DEVICE_HUNG': macro redefinition
C:\Program Files (x86)\Windows Kits\10\Include\10.0.17763.0\shared\winerror.h(55574): message :  see previous definition of 'DXGI_ERROR_DEVICE_HUNG'
D:\Dev\DirectX11Stuff\Dependencies\DirectX11\include\dxgitype.h(27,1): warning C4005:  'DXGI_ERROR_DEVICE_RESET': macro redefinition
C:\Program Files (x86)\Windows Kits\10\Include\10.0.17763.0\shared\winerror.h(55584): message :  see previous definition of 'DXGI_ERROR_DEVICE_RESET'
D:\Dev\DirectX11Stuff\Dependencies\DirectX11\include\dxgitype.h(28,1): warning C4005:  'DXGI_ERROR_WAS_STILL_DRAWING': macro redefinition
C:\Program Files (x86)\Windows Kits\10\Include\10.0.17763.0\shared\winerror.h(55593): message :  see previous definition of 'DXGI_ERROR_WAS_STILL_DRAWING'
D:\Dev\DirectX11Stuff\Dependencies\DirectX11\include\dxgitype.h(29,1): warning C4005:  'DXGI_ERROR_FRAME_STATISTICS_DISJOINT': macro redefinition
C:\Program Files (x86)\Windows Kits\10\Include\10.0.17763.0\shared\winerror.h(55603): message :  see previous definition of 'DXGI_ERROR_FRAME_STATISTICS_DISJOINT'
D:\Dev\DirectX11Stuff\Dependencies\DirectX11\include\dxgitype.h(30,1): warning C4005:  'DXGI_ERROR_GRAPHICS_VIDPN_SOURCE_IN_USE': macro redefinition
C:\Program Files (x86)\Windows Kits\10\Include\10.0.17763.0\shared\winerror.h(55612): message :  see previous definition of 'DXGI_ERROR_GRAPHICS_VIDPN_SOURCE_IN_USE'
D:\Dev\DirectX11Stuff\Dependencies\DirectX11\include\dxgitype.h(31,1): warning C4005:  'DXGI_ERROR_DRIVER_INTERNAL_ERROR': macro redefinition
C:\Program Files (x86)\Windows Kits\10\Include\10.0.17763.0\shared\winerror.h(55622): message :  see previous definition of 'DXGI_ERROR_DRIVER_INTERNAL_ERROR'
D:\Dev\DirectX11Stuff\Dependencies\DirectX11\include\dxgitype.h(32,1): warning C4005:  'DXGI_ERROR_NONEXCLUSIVE': macro redefinition
C:\Program Files (x86)\Windows Kits\10\Include\10.0.17763.0\shared\winerror.h(55631): message :  see previous definition of 'DXGI_ERROR_NONEXCLUSIVE'
D:\Dev\DirectX11Stuff\Dependencies\DirectX11\include\dxgitype.h(33,1): warning C4005:  'DXGI_ERROR_NOT_CURRENTLY_AVAILABLE': macro redefinition
C:\Program Files (x86)\Windows Kits\10\Include\10.0.17763.0\shared\winerror.h(55640): message :  see previous definition of 'DXGI_ERROR_NOT_CURRENTLY_AVAILABLE'
D:\Dev\DirectX11Stuff\Dependencies\DirectX11\include\dxgitype.h(34,1): warning C4005:  'DXGI_ERROR_REMOTE_CLIENT_DISCONNECTED': macro redefinition
C:\Program Files (x86)\Windows Kits\10\Include\10.0.17763.0\shared\winerror.h(55650): message :  see previous definition of 'DXGI_ERROR_REMOTE_CLIENT_DISCONNECTED'
D:\Dev\DirectX11Stuff\Dependencies\DirectX11\include\dxgitype.h(35,1): warning C4005:  'DXGI_ERROR_REMOTE_OUTOFMEMORY': macro redefinition
C:\Program Files (x86)\Windows Kits\10\Include\10.0.17763.0\shared\winerror.h(55659): message :  see previous definition of 'DXGI_ERROR_REMOTE_OUTOFMEMORY'
D:\Dev\DirectX11Stuff\Dependencies\DirectX11\include\D3D11.h(917,1): warning C4005:  'D3D11_ERROR_TOO_MANY_UNIQUE_STATE_OBJECTS': macro redefinition
C:\Program Files (x86)\Windows Kits\10\Include\10.0.17763.0\shared\winerror.h(55923): message :  see previous definition of 'D3D11_ERROR_TOO_MANY_UNIQUE_STATE_OBJECTS'
D:\Dev\DirectX11Stuff\Dependencies\DirectX11\include\D3D11.h(918,1): warning C4005:  'D3D11_ERROR_FILE_NOT_FOUND': macro redefinition
C:\Program Files (x86)\Windows Kits\10\Include\10.0.17763.0\shared\winerror.h(55932): message :  see previous definition of 'D3D11_ERROR_FILE_NOT_FOUND'
D:\Dev\DirectX11Stuff\Dependencies\DirectX11\include\D3D11.h(919,1): warning C4005:  'D3D11_ERROR_TOO_MANY_UNIQUE_VIEW_OBJECTS': macro redefinition
C:\Program Files (x86)\Windows Kits\10\Include\10.0.17763.0\shared\winerror.h(55942): message :  see previous definition of 'D3D11_ERROR_TOO_MANY_UNIQUE_VIEW_OBJECTS'
D:\Dev\DirectX11Stuff\Dependencies\DirectX11\include\D3D11.h(920,1): warning C4005:  'D3D11_ERROR_DEFERRED_CONTEXT_MAP_WITHOUT_INITIAL_DISCARD': macro redefinition
C:\Program Files (x86)\Windows Kits\10\Include\10.0.17763.0\shared\winerror.h(55951): message :  see previous definition of 'D3D11_ERROR_DEFERRED_CONTEXT_MAP_WITHOUT_INITIAL_DISCARD'
D:\Dev\DirectX11Stuff\Dependencies\DirectX11\include\d3d10.h(608,1): warning C4005:  'D3D10_ERROR_TOO_MANY_UNIQUE_STATE_OBJECTS': macro redefinition
C:\Program Files (x86)\Windows Kits\10\Include\10.0.17763.0\shared\winerror.h(55899): message :  see previous definition of 'D3D10_ERROR_TOO_MANY_UNIQUE_STATE_OBJECTS'
D:\Dev\DirectX11Stuff\Dependencies\DirectX11\include\d3d10.h(609,1): warning C4005:  'D3D10_ERROR_FILE_NOT_FOUND': macro redefinition
  Win32Platform.cpp
C:\Program Files (x86)\Windows Kits\10\Include\10.0.17763.0\shared\winerror.h(55908): message :  see previous definition of 'D3D10_ERROR_FILE_NOT_FOUND'
D:\Dev\DirectX11Stuff\Dependencies\DirectX11\include\dxgitype.h(12,1): warning C4005:  'DXGI_STATUS_OCCLUDED': macro redefinition
C:\Program Files (x86)\Windows Kits\10\Include\10.0.17763.0\shared\winerror.h(55460): message :  see previous definition of 'DXGI_STATUS_OCCLUDED'
D:\Dev\DirectX11Stuff\Dependencies\DirectX11\include\dxgitype.h(13,1): warning C4005:  'DXGI_STATUS_CLIPPED': macro redefinition
C:\Program Files (x86)\Windows Kits\10\Include\10.0.17763.0\shared\winerror.h(55469): message :  see previous definition of 'DXGI_STATUS_CLIPPED'
D:\Dev\DirectX11Stuff\Dependencies\DirectX11\include\dxgitype.h(14,1): warning C4005:  'DXGI_STATUS_NO_REDIRECTION': macro redefinition
C:\Program Files (x86)\Windows Kits\10\Include\10.0.17763.0\shared\winerror.h(55478): message :  see previous definition of 'DXGI_STATUS_NO_REDIRECTION'
D:\Dev\DirectX11Stuff\Dependencies\DirectX11\include\dxgitype.h(15,1): warning C4005:  'DXGI_STATUS_NO_DESKTOP_ACCESS': macro redefinition
C:\Program Files (x86)\Windows Kits\10\Include\10.0.17763.0\shared\winerror.h(55487): message :  see previous definition of 'DXGI_STATUS_NO_DESKTOP_ACCESS'
D:\Dev\DirectX11Stuff\Dependencies\DirectX11\include\dxgitype.h(16,1): warning C4005:  'DXGI_STATUS_GRAPHICS_VIDPN_SOURCE_IN_USE': macro redefinition
C:\Program Files (x86)\Windows Kits\10\Include\10.0.17763.0\shared\winerror.h(55496): message :  see previous definition of 'DXGI_STATUS_GRAPHICS_VIDPN_SOURCE_IN_USE'
D:\Dev\DirectX11Stuff\Dependencies\DirectX11\include\dxgitype.h(17,1): warning C4005:  'DXGI_STATUS_MODE_CHANGED': macro redefinition
C:\Program Files (x86)\Windows Kits\10\Include\10.0.17763.0\shared\winerror.h(55505): message :  see previous definition of 'DXGI_STATUS_MODE_CHANGED'
D:\Dev\DirectX11Stuff\Dependencies\DirectX11\include\dxgitype.h(18,1): warning C4005:  'DXGI_STATUS_MODE_CHANGE_IN_PROGRESS': macro redefinition
C:\Program Files (x86)\Windows Kits\10\Include\10.0.17763.0\shared\winerror.h(55514): message :  see previous definition of 'DXGI_STATUS_MODE_CHANGE_IN_PROGRESS'
D:\Dev\DirectX11Stuff\Dependencies\DirectX11\include\dxgitype.h(21,1): warning C4005:  'DXGI_ERROR_INVALID_CALL': macro redefinition
C:\Program Files (x86)\Windows Kits\10\Include\10.0.17763.0\shared\winerror.h(55529): message :  see previous definition of 'DXGI_ERROR_INVALID_CALL'
D:\Dev\DirectX11Stuff\Dependencies\DirectX11\include\dxgitype.h(22,1): warning C4005:  'DXGI_ERROR_NOT_FOUND': macro redefinition
C:\Program Files (x86)\Windows Kits\10\Include\10.0.17763.0\shared\winerror.h(55538): message :  see previous definition of 'DXGI_ERROR_NOT_FOUND'
D:\Dev\DirectX11Stuff\Dependencies\DirectX11\include\dxgitype.h(23,1): warning C4005:  'DXGI_ERROR_MORE_DATA': macro redefinition
C:\Program Files (x86)\Windows Kits\10\Include\10.0.17763.0\shared\winerror.h(55547): message :  see previous definition of 'DXGI_ERROR_MORE_DATA'
D:\Dev\DirectX11Stuff\Dependencies\DirectX11\include\dxgitype.h(24,1): warning C4005:  'DXGI_ERROR_UNSUPPORTED': macro redefinition
C:\Program Files (x86)\Windows Kits\10\Include\10.0.17763.0\shared\winerror.h(55556): message :  see previous definition of 'DXGI_ERROR_UNSUPPORTED'
D:\Dev\DirectX11Stuff\Dependencies\DirectX11\include\dxgitype.h(25,1): warning C4005:  'DXGI_ERROR_DEVICE_REMOVED': macro redefinition
C:\Program Files (x86)\Windows Kits\10\Include\10.0.17763.0\shared\winerror.h(55565): message :  see previous definition of 'DXGI_ERROR_DEVICE_REMOVED'
D:\Dev\DirectX11Stuff\Dependencies\DirectX11\include\dxgitype.h(26,1): warning C4005:  'DXGI_ERROR_DEVICE_HUNG': macro redefinition
C:\Program Files (x86)\Windows Kits\10\Include\10.0.17763.0\shared\winerror.h(55574): message :  see previous definition of 'DXGI_ERROR_DEVICE_HUNG'
D:\Dev\DirectX11Stuff\Dependencies\DirectX11\include\dxgitype.h(27,1): warning C4005:  'DXGI_ERROR_DEVICE_RESET': macro redefinition
C:\Program Files (x86)\Windows Kits\10\Include\10.0.17763.0\shared\winerror.h(55584): message :  see previous definition of 'DXGI_ERROR_DEVICE_RESET'
D:\Dev\DirectX11Stuff\Dependencies\DirectX11\include\dxgitype.h(28,1): warning C4005:  'DXGI_ERROR_WAS_STILL_DRAWING': macro redefinition
C:\Program Files (x86)\Windows Kits\10\Include\10.0.17763.0\shared\winerror.h(55593): message :  see previous definition of 'DXGI_ERROR_WAS_STILL_DRAWING'
D:\Dev\DirectX11Stuff\Dependencies\DirectX11\include\dxgitype.h(29,1): warning C4005:  'DXGI_ERROR_FRAME_STATISTICS_DISJOINT': macro redefinition
C:\Program Files (x86)\Windows Kits\10\Include\10.0.17763.0\shared\winerror.h(55603): message :  see previous definition of 'DXGI_ERROR_FRAME_STATISTICS_DISJOINT'
D:\Dev\DirectX11Stuff\Dependencies\DirectX11\include\dxgitype.h(30,1): warning C4005:  'DXGI_ERROR_GRAPHICS_VIDPN_SOURCE_IN_USE': macro redefinition
C:\Program Files (x86)\Windows Kits\10\Include\10.0.17763.0\shared\winerror.h(55612): message :  see previous definition of 'DXGI_ERROR_GRAPHICS_VIDPN_SOURCE_IN_USE'
D:\Dev\DirectX11Stuff\Dependencies\DirectX11\include\dxgitype.h(31,1): warning C4005:  'DXGI_ERROR_DRIVER_INTERNAL_ERROR': macro redefinition
C:\Program Files (x86)\Windows Kits\10\Include\10.0.17763.0\shared\winerror.h(55622): message :  see previous definition of 'DXGI_ERROR_DRIVER_INTERNAL_ERROR'
D:\Dev\DirectX11Stuff\Dependencies\DirectX11\include\dxgitype.h(32,1): warning C4005:  'DXGI_ERROR_NONEXCLUSIVE': macro redefinition
C:\Program Files (x86)\Windows Kits\10\Include\10.0.17763.0\shared\winerror.h(55631): message :  see previous definition of 'DXGI_ERROR_NONEXCLUSIVE'
D:\Dev\DirectX11Stuff\Dependencies\DirectX11\include\dxgitype.h(33,1): warning C4005:  'DXGI_ERROR_NOT_CURRENTLY_AVAILABLE': macro redefinition
C:\Program Files (x86)\Windows Kits\10\Include\10.0.17763.0\shared\winerror.h(55640): message :  see previous definition of 'DXGI_ERROR_NOT_CURRENTLY_AVAILABLE'
D:\Dev\DirectX11Stuff\Dependencies\DirectX11\include\dxgitype.h(34,1): warning C4005:  'DXGI_ERROR_REMOTE_CLIENT_DISCONNECTED': macro redefinition
C:\Program Files (x86)\Windows Kits\10\Include\10.0.17763.0\shared\winerror.h(55650): message :  see previous definition of 'DXGI_ERROR_REMOTE_CLIENT_DISCONNECTED'
D:\Dev\DirectX11Stuff\Dependencies\DirectX11\include\dxgitype.h(35,1): warning C4005:  'DXGI_ERROR_REMOTE_OUTOFMEMORY': macro redefinition
C:\Program Files (x86)\Windows Kits\10\Include\10.0.17763.0\shared\winerror.h(55659): message :  see previous definition of 'DXGI_ERROR_REMOTE_OUTOFMEMORY'
D:\Dev\DirectX11Stuff\Dependencies\DirectX11\include\D3D11.h(917,1): warning C4005:  'D3D11_ERROR_TOO_MANY_UNIQUE_STATE_OBJECTS': macro redefinition
C:\Program Files (x86)\Windows Kits\10\Include\10.0.17763.0\shared\winerror.h(55923): message :  see previous definition of 'D3D11_ERROR_TOO_MANY_UNIQUE_STATE_OBJECTS'
D:\Dev\DirectX11Stuff\Dependencies\DirectX11\include\D3D11.h(918,1): warning C4005:  'D3D11_ERROR_FILE_NOT_FOUND': macro redefinition
C:\Program Files (x86)\Windows Kits\10\Include\10.0.17763.0\shared\winerror.h(55932): message :  see previous definition of 'D3D11_ERROR_FILE_NOT_FOUND'
D:\Dev\DirectX11Stuff\Dependencies\DirectX11\include\D3D11.h(919,1): warning C4005:  'D3D11_ERROR_TOO_MANY_UNIQUE_VIEW_OBJECTS': macro redefinition
C:\Program Files (x86)\Windows Kits\10\Include\10.0.17763.0\shared\winerror.h(55942): message :  see previous definition of 'D3D11_ERROR_TOO_MANY_UNIQUE_VIEW_OBJECTS'
D:\Dev\DirectX11Stuff\Dependencies\DirectX11\include\D3D11.h(920,1): warning C4005:  'D3D11_ERROR_DEFERRED_CONTEXT_MAP_WITHOUT_INITIAL_DISCARD': macro redefinition
C:\Program Files (x86)\Windows Kits\10\Include\10.0.17763.0\shared\winerror.h(55951): message :  see previous definition of 'D3D11_ERROR_DEFERRED_CONTEXT_MAP_WITHOUT_INITIAL_DISCARD'
D:\Dev\DirectX11Stuff\Dependencies\DirectX11\include\d3d10.h(608,1): warning C4005:  'D3D10_ERROR_TOO_MANY_UNIQUE_STATE_OBJECTS': macro redefinition
C:\Program Files (x86)\Windows Kits\10\Include\10.0.17763.0\shared\winerror.h(55899): message :  see previous definition of 'D3D10_ERROR_TOO_MANY_UNIQUE_STATE_OBJECTS'
D:\Dev\DirectX11Stuff\Dependencies\DirectX11\include\d3d10.h(609,1): warning C4005:  'D3D10_ERROR_FILE_NOT_FOUND': macro redefinition
  Scene01.cpp
C:\Program Files (x86)\Windows Kits\10\Include\10.0.17763.0\shared\winerror.h(55908): message :  see previous definition of 'D3D10_ERROR_FILE_NOT_FOUND'
D:\Dev\DirectX11Stuff\Dependencies\DirectX11\include\dxgitype.h(12,1): warning C4005:  'DXGI_STATUS_OCCLUDED': macro redefinition
C:\Program Files (x86)\Windows Kits\10\Include\10.0.17763.0\shared\winerror.h(55460): message :  see previous definition of 'DXGI_STATUS_OCCLUDED'
D:\Dev\DirectX11Stuff\Dependencies\DirectX11\include\dxgitype.h(13,1): warning C4005:  'DXGI_STATUS_CLIPPED': macro redefinition
C:\Program Files (x86)\Windows Kits\10\Include\10.0.17763.0\shared\winerror.h(55469): message :  see previous definition of 'DXGI_STATUS_CLIPPED'
D:\Dev\DirectX11Stuff\Dependencies\DirectX11\include\dxgitype.h(14,1): warning C4005:  'DXGI_STATUS_NO_REDIRECTION': macro redefinition
C:\Program Files (x86)\Windows Kits\10\Include\10.0.17763.0\shared\winerror.h(55478): message :  see previous definition of 'DXGI_STATUS_NO_REDIRECTION'
D:\Dev\DirectX11Stuff\Dependencies\DirectX11\include\dxgitype.h(15,1): warning C4005:  'DXGI_STATUS_NO_DESKTOP_ACCESS': macro redefinition
C:\Program Files (x86)\Windows Kits\10\Include\10.0.17763.0\shared\winerror.h(55487): message :  see previous definition of 'DXGI_STATUS_NO_DESKTOP_ACCESS'
D:\Dev\DirectX11Stuff\Dependencies\DirectX11\include\dxgitype.h(16,1): warning C4005:  'DXGI_STATUS_GRAPHICS_VIDPN_SOURCE_IN_USE': macro redefinition
C:\Program Files (x86)\Windows Kits\10\Include\10.0.17763.0\shared\winerror.h(55496): message :  see previous definition of 'DXGI_STATUS_GRAPHICS_VIDPN_SOURCE_IN_USE'
D:\Dev\DirectX11Stuff\Dependencies\DirectX11\include\dxgitype.h(17,1): warning C4005:  'DXGI_STATUS_MODE_CHANGED': macro redefinition
C:\Program Files (x86)\Windows Kits\10\Include\10.0.17763.0\shared\winerror.h(55505): message :  see previous definition of 'DXGI_STATUS_MODE_CHANGED'
D:\Dev\DirectX11Stuff\Dependencies\DirectX11\include\dxgitype.h(18,1): warning C4005:  'DXGI_STATUS_MODE_CHANGE_IN_PROGRESS': macro redefinition
C:\Program Files (x86)\Windows Kits\10\Include\10.0.17763.0\shared\winerror.h(55514): message :  see previous definition of 'DXGI_STATUS_MODE_CHANGE_IN_PROGRESS'
D:\Dev\DirectX11Stuff\Dependencies\DirectX11\include\dxgitype.h(21,1): warning C4005:  'DXGI_ERROR_INVALID_CALL': macro redefinition
C:\Program Files (x86)\Windows Kits\10\Include\10.0.17763.0\shared\winerror.h(55529): message :  see previous definition of 'DXGI_ERROR_INVALID_CALL'
D:\Dev\DirectX11Stuff\Dependencies\DirectX11\include\dxgitype.h(22,1): warning C4005:  'DXGI_ERROR_NOT_FOUND': macro redefinition
C:\Program Files (x86)\Windows Kits\10\Include\10.0.17763.0\shared\winerror.h(55538): message :  see previous definition of 'DXGI_ERROR_NOT_FOUND'
D:\Dev\DirectX11Stuff\Dependencies\DirectX11\include\dxgitype.h(23,1): warning C4005:  'DXGI_ERROR_MORE_DATA': macro redefinition
C:\Program Files (x86)\Windows Kits\10\Include\10.0.17763.0\shared\winerror.h(55547): message :  see previous definition of 'DXGI_ERROR_MORE_DATA'
D:\Dev\DirectX11Stuff\Dependencies\DirectX11\include\dxgitype.h(24,1): warning C4005:  'DXGI_ERROR_UNSUPPORTED': macro redefinition
C:\Program Files (x86)\Windows Kits\10\Include\10.0.17763.0\shared\winerror.h(55556): message :  see previous definition of 'DXGI_ERROR_UNSUPPORTED'
D:\Dev\DirectX11Stuff\Dependencies\DirectX11\include\dxgitype.h(25,1): warning C4005:  'DXGI_ERROR_DEVICE_REMOVED': macro redefinition
C:\Program Files (x86)\Windows Kits\10\Include\10.0.17763.0\shared\winerror.h(55565): message :  see previous definition of 'DXGI_ERROR_DEVICE_REMOVED'
D:\Dev\DirectX11Stuff\Dependencies\DirectX11\include\dxgitype.h(26,1): warning C4005:  'DXGI_ERROR_DEVICE_HUNG': macro redefinition
C:\Program Files (x86)\Windows Kits\10\Include\10.0.17763.0\shared\winerror.h(55574): message :  see previous definition of 'DXGI_ERROR_DEVICE_HUNG'
D:\Dev\DirectX11Stuff\Dependencies\DirectX11\include\dxgitype.h(27,1): warning C4005:  'DXGI_ERROR_DEVICE_RESET': macro redefinition
C:\Program Files (x86)\Windows Kits\10\Include\10.0.17763.0\shared\winerror.h(55584): message :  see previous definition of 'DXGI_ERROR_DEVICE_RESET'
D:\Dev\DirectX11Stuff\Dependencies\DirectX11\include\dxgitype.h(28,1): warning C4005:  'DXGI_ERROR_WAS_STILL_DRAWING': macro redefinition
C:\Program Files (x86)\Windows Kits\10\Include\10.0.17763.0\shared\winerror.h(55593): message :  see previous definition of 'DXGI_ERROR_WAS_STILL_DRAWING'
D:\Dev\DirectX11Stuff\Dependencies\DirectX11\include\dxgitype.h(29,1): warning C4005:  'DXGI_ERROR_FRAME_STATISTICS_DISJOINT': macro redefinition
C:\Program Files (x86)\Windows Kits\10\Include\10.0.17763.0\shared\winerror.h(55603): message :  see previous definition of 'DXGI_ERROR_FRAME_STATISTICS_DISJOINT'
D:\Dev\DirectX11Stuff\Dependencies\DirectX11\include\dxgitype.h(30,1): warning C4005:  'DXGI_ERROR_GRAPHICS_VIDPN_SOURCE_IN_USE': macro redefinition
C:\Program Files (x86)\Windows Kits\10\Include\10.0.17763.0\shared\winerror.h(55612): message :  see previous definition of 'DXGI_ERROR_GRAPHICS_VIDPN_SOURCE_IN_USE'
D:\Dev\DirectX11Stuff\Dependencies\DirectX11\include\dxgitype.h(31,1): warning C4005:  'DXGI_ERROR_DRIVER_INTERNAL_ERROR': macro redefinition
C:\Program Files (x86)\Windows Kits\10\Include\10.0.17763.0\shared\winerror.h(55622): message :  see previous definition of 'DXGI_ERROR_DRIVER_INTERNAL_ERROR'
D:\Dev\DirectX11Stuff\Dependencies\DirectX11\include\dxgitype.h(32,1): warning C4005:  'DXGI_ERROR_NONEXCLUSIVE': macro redefinition
C:\Program Files (x86)\Windows Kits\10\Include\10.0.17763.0\shared\winerror.h(55631): message :  see previous definition of 'DXGI_ERROR_NONEXCLUSIVE'
D:\Dev\DirectX11Stuff\Dependencies\DirectX11\include\dxgitype.h(33,1): warning C4005:  'DXGI_ERROR_NOT_CURRENTLY_AVAILABLE': macro redefinition
C:\Program Files (x86)\Windows Kits\10\Include\10.0.17763.0\shared\winerror.h(55640): message :  see previous definition of 'DXGI_ERROR_NOT_CURRENTLY_AVAILABLE'
D:\Dev\DirectX11Stuff\Dependencies\DirectX11\include\dxgitype.h(34,1): warning C4005:  'DXGI_ERROR_REMOTE_CLIENT_DISCONNECTED': macro redefinition
C:\Program Files (x86)\Windows Kits\10\Include\10.0.17763.0\shared\winerror.h(55650): message :  see previous definition of 'DXGI_ERROR_REMOTE_CLIENT_DISCONNECTED'
D:\Dev\DirectX11Stuff\Dependencies\DirectX11\include\dxgitype.h(35,1): warning C4005:  'DXGI_ERROR_REMOTE_OUTOFMEMORY': macro redefinition
C:\Program Files (x86)\Windows Kits\10\Include\10.0.17763.0\shared\winerror.h(55659): message :  see previous definition of 'DXGI_ERROR_REMOTE_OUTOFMEMORY'
D:\Dev\DirectX11Stuff\Dependencies\DirectX11\include\D3D11.h(917,1): warning C4005:  'D3D11_ERROR_TOO_MANY_UNIQUE_STATE_OBJECTS': macro redefinition
C:\Program Files (x86)\Windows Kits\10\Include\10.0.17763.0\shared\winerror.h(55923): message :  see previous definition of 'D3D11_ERROR_TOO_MANY_UNIQUE_STATE_OBJECTS'
D:\Dev\DirectX11Stuff\Dependencies\DirectX11\include\D3D11.h(918,1): warning C4005:  'D3D11_ERROR_FILE_NOT_FOUND': macro redefinition
C:\Program Files (x86)\Windows Kits\10\Include\10.0.17763.0\shared\winerror.h(55932): message :  see previous definition of 'D3D11_ERROR_FILE_NOT_FOUND'
D:\Dev\DirectX11Stuff\Dependencies\DirectX11\include\D3D11.h(919,1): warning C4005:  'D3D11_ERROR_TOO_MANY_UNIQUE_VIEW_OBJECTS': macro redefinition
C:\Program Files (x86)\Windows Kits\10\Include\10.0.17763.0\shared\winerror.h(55942): message :  see previous definition of 'D3D11_ERROR_TOO_MANY_UNIQUE_VIEW_OBJECTS'
D:\Dev\DirectX11Stuff\Dependencies\DirectX11\include\D3D11.h(920,1): warning C4005:  'D3D11_ERROR_DEFERRED_CONTEXT_MAP_WITHOUT_INITIAL_DISCARD': macro redefinition
C:\Program Files (x86)\Windows Kits\10\Include\10.0.17763.0\shared\winerror.h(55951): message :  see previous definition of 'D3D11_ERROR_DEFERRED_CONTEXT_MAP_WITHOUT_INITIAL_DISCARD'
D:\Dev\DirectX11Stuff\Dependencies\DirectX11\include\d3d10.h(608,1): warning C4005:  'D3D10_ERROR_TOO_MANY_UNIQUE_STATE_OBJECTS': macro redefinition
C:\Program Files (x86)\Windows Kits\10\Include\10.0.17763.0\shared\winerror.h(55899): message :  see previous definition of 'D3D10_ERROR_TOO_MANY_UNIQUE_STATE_OBJECTS'
D:\Dev\DirectX11Stuff\Dependencies\DirectX11\include\d3d10.h(609,1): warning C4005:  'D3D10_ERROR_FILE_NOT_FOUND': macro redefinition
  Generating Code...
C:\Program Files (x86)\Windows Kits\10\Include\10.0.17763.0\shared\winerror.h(55908): message :  see previous definition of 'D3D10_ERROR_FILE_NOT_FOUND'
  DirectX11Stuff.vcxproj -> D:\Dev\DirectX11Stuff\bin\x64\Debug\DirectX11Stuff.exe
